---------------------------------------
Begin Slurm Prolog: Oct-01-2025 13:57:33
Job ID:    3211240
User ID:   mwarren64
Account:   coc
Job name:  faiss_index
Partition: coc-cpu
QOS:       coc-ice
---------------------------------------
no change     /usr/local/pace-apps/manual/packages/anaconda3/2023.03/condabin/conda
no change     /usr/local/pace-apps/manual/packages/anaconda3/2023.03/bin/conda
no change     /usr/local/pace-apps/manual/packages/anaconda3/2023.03/bin/conda-env
no change     /usr/local/pace-apps/manual/packages/anaconda3/2023.03/bin/activate
no change     /usr/local/pace-apps/manual/packages/anaconda3/2023.03/bin/deactivate
no change     /usr/local/pace-apps/manual/packages/anaconda3/2023.03/etc/profile.d/conda.sh
no change     /usr/local/pace-apps/manual/packages/anaconda3/2023.03/etc/fish/conf.d/conda.fish
no change     /usr/local/pace-apps/manual/packages/anaconda3/2023.03/shell/condabin/Conda.psm1
no change     /usr/local/pace-apps/manual/packages/anaconda3/2023.03/shell/condabin/conda-hook.ps1
no change     /usr/local/pace-apps/manual/packages/anaconda3/2023.03/lib/python3.10/site-packages/xontrib/conda.xsh
no change     /usr/local/pace-apps/manual/packages/anaconda3/2023.03/etc/profile.d/conda.csh
no change     /home/hice1/mwarren64/.bashrc
No action taken.
---------------------------------------
Begin Slurm Epilog: Oct-01-2025 13:57:50
Job ID:        3211240
User ID:       mwarren64
Account:       coc
Job name:      faiss_index
Resources:     cpu=4,mem=16G,node=1
Rsrc Used:     cput=00:01:08,vmem=0,walltime=00:00:17,mem=39276K,energy_used=0
Partition:     coc-cpu
QOS:           coc-ice
Nodes:         atl1-1-02-003-19-1
---------------------------------------
