---------------------------------------
Begin Slurm Prolog: Dec-05-2024 16:32:23
Job ID:    1017618
User ID:   dharden7
Account:   coc
Job name:  fasttext
Partition: ice-cpu
---------------------------------------

CondaError: Run 'conda init' before 'conda deactivate'

---------------------------------------
Begin Slurm Epilog: Dec-05-2024 17:20:22
Job ID:        1017618
Array Job ID:  _4294967294
User ID:       dharden7
Account:       coc
Job name:      fasttext
Resources:     cpu=6,mem=48G,node=1
Rsrc Used:     cput=04:47:54,vmem=0,walltime=00:47:59,mem=2241488K,energy_used=0
Partition:     ice-cpu
Nodes:         atl1-1-01-005-3-2
---------------------------------------
