---------------------------------------
Begin Slurm Prolog: Apr-14-2025 17:19:04
Job ID:    2458828
User ID:   amohammed87
Account:   coc
Job name:  wrap
Partition: pace-cpu
QOS:       coe-ice
---------------------------------------
UPDATED PICKLE FILE
---------------------------------------
Begin Slurm Epilog: Apr-14-2025 17:19:10
Job ID:        2458828
User ID:       amohammed87
Account:       coc
Job name:      wrap
Resources:     cpu=1,mem=4G,node=1
Rsrc Used:     cput=00:00:07,vmem=0,walltime=00:00:07,mem=409808K,energy_used=0
Partition:     pace-cpu
QOS:           coe-ice
Nodes:         atl1-1-03-007-19-1
---------------------------------------
