---------------------------------------
Begin Slurm Prolog: Apr-12-2025 00:04:04
Job ID:    2445464
User ID:   amohammed87
Account:   coc
Job name:  wrap
Partition: pace-cpu
QOS:       coe-ice
---------------------------------------
UPDATED PICKLE FILE
---------------------------------------
Begin Slurm Epilog: Apr-12-2025 00:04:11
Job ID:        2445464
User ID:       amohammed87
Account:       coc
Job name:      wrap
Resources:     cpu=1,mem=4G,node=1
Rsrc Used:     cput=00:00:07,vmem=0,walltime=00:00:07,mem=555800K,energy_used=0
Partition:     pace-cpu
QOS:           coe-ice
Nodes:         atl1-1-01-005-1-2
---------------------------------------
