---------------------------------------
Begin Slurm Prolog: Apr-16-2025 14:53:33
Job ID:    2473079
User ID:   amohammed87
Account:   coc
Job name:  wrap
Partition: pace-cpu
QOS:       coe-ice
---------------------------------------
UPDATED PICKLE FILE
---------------------------------------
Begin Slurm Epilog: Apr-16-2025 14:53:38
Job ID:        2473079
User ID:       amohammed87
Account:       coc
Job name:      wrap
Resources:     cpu=1,mem=4G,node=1
Rsrc Used:     cput=00:00:05,vmem=0,walltime=00:00:05,mem=456996K,energy_used=0
Partition:     pace-cpu
QOS:           coe-ice
Nodes:         atl1-1-02-012-7-2
---------------------------------------
